g:\ap_ta\maze\maze\debug\vc140.pdb
g:\ap_ta\maze\maze\debug\vc140.idb
g:\ap_ta\maze\maze\debug\list.obj
g:\ap_ta\maze\maze\debug\mat.obj
g:\ap_ta\maze\maze\debug\maze.obj
g:\ap_ta\maze\maze\debug\node.obj
g:\ap_ta\maze\maze\debug\point.obj
g:\ap_ta\maze\maze\debug\pointstack.obj
g:\ap_ta\maze\maze\debug\source.obj
g:\ap_ta\maze\debug\maze.ilk
g:\ap_ta\maze\debug\maze.exe
g:\ap_ta\maze\debug\maze.pdb
g:\ap_ta\maze\maze\debug\vc120.idb
g:\ap_ta\maze\maze\debug\vc120.pdb
g:\ap_ta\maze\maze\debug\maze.tlog\cl.command.1.tlog
g:\ap_ta\maze\maze\debug\maze.tlog\cl.read.1.tlog
g:\ap_ta\maze\maze\debug\maze.tlog\cl.write.1.tlog
g:\ap_ta\maze\maze\debug\maze.tlog\link.command.1.tlog
g:\ap_ta\maze\maze\debug\maze.tlog\link.read.1.tlog
g:\ap_ta\maze\maze\debug\maze.tlog\link.write.1.tlog
