Build started 16/11/25 11:30:10 PM.
     1>Project "G:\DS_EX1\DS_EX1_final\Maze\Maze\Maze.vcxproj" on node 2 (Build target(s)).
     1>ClCompile:
         D:\b.visual15\New folder\VC\bin\CL.exe /c /ZI /nologo /W3 /WX- /sdl /Od /Oy- /D WIN32 /D _DEBUG /D _CONSOLE /D _LIB /D _UNICODE /D UNICODE /Gm /EHsc /RTC1 /MDd /GS /fp:precise /Zc:wchar_t /Zc:forScope /Zc:inline /Fo"Debug\\" /Fd"Debug\vc140.pdb" /Gd /TP /analyze- /errorReport:prompt list.cpp mat.cpp Maze.cpp Node.cpp point.cpp PointStack.cpp Source.cpp
         Source.cpp
         PointStack.cpp
         point.cpp
         Node.cpp
         Maze.cpp
     1>g:\ds_ex1\ds_ex1_final\maze\maze\maze.cpp(10): warning C4309: 'initializing': truncation of constant value
     1>g:\ds_ex1\ds_ex1_final\maze\maze\maze.cpp(11): warning C4309: 'initializing': truncation of constant value
         mat.cpp
         list.cpp
         Generating Code...
     1>g:\ds_ex1\ds_ex1_final\maze\maze\maze.cpp(28): warning C4715: 'Maze::Casting': not all control paths return a value
       Link:
         D:\b.visual15\New folder\VC\bin\link.exe /ERRORREPORT:PROMPT /OUT:"G:\DS_EX1\DS_EX1_final\Maze\Debug\Maze.exe" /INCREMENTAL /NOLOGO kernel32.lib user32.lib gdi32.lib winspool.lib comdlg32.lib advapi32.lib shell32.lib ole32.lib oleaut32.lib uuid.lib odbc32.lib odbccp32.lib /MANIFEST /MANIFESTUAC:"level='asInvoker' uiAccess='false'" /manifest:embed /Debug /PDB:"G:\DS_EX1\DS_EX1_final\Maze\Debug\Maze.pdb" /SUBSYSTEM:CONSOLE /TLBID:1 /DYNAMICBASE /NXCOMPAT /IMPLIB:"G:\DS_EX1\DS_EX1_final\Maze\Debug\Maze.lib" /MACHINE:X86 Debug\list.obj
         Debug\mat.obj
         Debug\Maze.obj
         Debug\Node.obj
         Debug\point.obj
         Debug\PointStack.obj
         Debug\Source.obj
         Maze.vcxproj -> G:\DS_EX1\DS_EX1_final\Maze\Debug\Maze.exe
     1>Done Building Project "G:\DS_EX1\DS_EX1_final\Maze\Maze\Maze.vcxproj" (Build target(s)).

Build succeeded.

Time Elapsed 00:00:04.48
